{"total": {"lines":{"total":137,"covered":123,"skipped":0,"pct":89.78},"statements":{"total":137,"covered":123,"skipped":0,"pct":89.78},"functions":{"total":3,"covered":3,"skipped":0,"pct":100},"branches":{"total":25,"covered":20,"skipped":0,"pct":80},"branchesTrue":{"total":0,"covered":0,"skipped":0,"pct":"Unknown"}}
,"/Users/kongphobwutthiumphol/Bash-Frontend-1/src/lib/utilsMembership.ts": {"lines":{"total":46,"covered":46,"skipped":0,"pct":100},"functions":{"total":1,"covered":1,"skipped":0,"pct":100},"statements":{"total":46,"covered":46,"skipped":0,"pct":100},"branches":{"total":5,"covered":5,"skipped":0,"pct":100}}
,"/Users/kongphobwutthiumphol/Bash-Frontend-1/src/lib/utilsPromotion.ts": {"lines":{"total":91,"covered":77,"skipped":0,"pct":84.61},"functions":{"total":2,"covered":2,"skipped":0,"pct":100},"statements":{"total":91,"covered":77,"skipped":0,"pct":84.61},"branches":{"total":20,"covered":15,"skipped":0,"pct":75}}
}
