{"total": {"lines":{"total":154,"covered":131,"skipped":0,"pct":85.06},"statements":{"total":154,"covered":131,"skipped":0,"pct":85.06},"functions":{"total":3,"covered":3,"skipped":0,"pct":100},"branches":{"total":27,"covered":20,"skipped":0,"pct":74.07},"branchesTrue":{"total":0,"covered":0,"skipped":0,"pct":"Unknown"}}
,"/Users/kongphobwutthiumphol/Bash-Frontend-1/src/lib/utilsMembership.ts": {"lines":{"total":63,"covered":54,"skipped":0,"pct":85.71},"functions":{"total":1,"covered":1,"skipped":0,"pct":100},"statements":{"total":63,"covered":54,"skipped":0,"pct":85.71},"branches":{"total":7,"covered":5,"skipped":0,"pct":71.42}}
,"/Users/kongphobwutthiumphol/Bash-Frontend-1/src/lib/utilsPromotion.ts": {"lines":{"total":91,"covered":77,"skipped":0,"pct":84.61},"functions":{"total":2,"covered":2,"skipped":0,"pct":100},"statements":{"total":91,"covered":77,"skipped":0,"pct":84.61},"branches":{"total":20,"covered":15,"skipped":0,"pct":75}}
}
