TN:
SF:src/lib/utilsMembership.ts
FN:13,handleMembershipCheck
FNF:1
FNH:1
FNDA:3,handleMembershipCheck
DA:1,1
DA:2,1
DA:3,1
DA:4,1
DA:5,1
DA:6,1
DA:7,1
DA:8,1
DA:9,1
DA:10,1
DA:11,1
DA:12,1
DA:13,1
DA:14,3
DA:15,3
DA:16,3
DA:17,3
DA:18,3
DA:19,3
DA:20,3
DA:21,3
DA:22,1
DA:23,1
DA:24,1
DA:25,1
DA:26,1
DA:27,1
DA:28,2
DA:29,2
DA:30,2
DA:31,3
DA:32,1
DA:33,1
DA:34,1
DA:35,1
DA:36,1
DA:37,1
DA:38,1
DA:39,3
DA:40,1
DA:41,1
DA:42,1
DA:43,1
DA:44,1
DA:45,1
DA:46,3
LF:46
LH:46
BRDA:13,0,0,3
BRDA:21,1,0,1
BRDA:27,2,0,2
BRDA:31,3,0,1
BRDA:39,4,0,1
BRF:5
BRH:5
end_of_record
TN:
SF:src/lib/utilsPromotion.ts
FN:21,isPromotionValid
FN:54,calculateDiscount
FNF:2
FNH:2
FNDA:9,isPromotionValid
FNDA:3,calculateDiscount
DA:1,1
DA:2,1
DA:3,1
DA:4,1
DA:5,1
DA:6,1
DA:7,1
DA:8,1
DA:9,1
DA:10,1
DA:11,1
DA:12,1
DA:13,1
DA:14,1
DA:15,1
DA:16,1
DA:17,1
DA:18,1
DA:19,1
DA:20,1
DA:21,1
DA:22,9
DA:23,9
DA:24,9
DA:25,9
DA:26,9
DA:27,9
DA:28,9
DA:29,9
DA:30,3
DA:31,9
DA:32,0
DA:33,6
DA:34,3
DA:35,3
DA:36,3
DA:37,3
DA:38,3
DA:39,3
DA:40,3
DA:41,9
DA:42,9
DA:43,3
DA:44,3
DA:45,3
DA:46,3
DA:47,3
DA:48,3
DA:49,9
DA:50,9
DA:51,9
DA:52,1
DA:53,1
DA:54,1
DA:55,3
DA:56,3
DA:57,3
DA:58,3
DA:59,3
DA:60,3
DA:61,3
DA:62,2
DA:63,2
DA:64,3
DA:65,0
DA:66,0
DA:67,0
DA:68,0
DA:69,0
DA:70,0
DA:71,0
DA:72,0
DA:73,3
DA:74,1
DA:75,1
DA:76,1
DA:77,1
DA:78,0
DA:79,0
DA:80,1
DA:81,1
DA:82,3
DA:83,1
DA:84,1
DA:85,1
DA:86,0
DA:87,0
DA:88,3
DA:89,0
DA:90,3
DA:91,3
LF:91
LH:77
BRDA:21,0,0,9
BRDA:29,1,0,3
BRDA:31,2,0,6
BRDA:31,3,0,0
BRDA:33,4,0,3
BRDA:36,5,0,2
BRDA:36,6,0,2
BRDA:42,7,0,3
BRDA:42,8,0,3
BRDA:47,9,0,2
BRDA:47,10,0,2
BRDA:54,11,0,3
BRDA:61,12,0,1
BRDA:61,13,0,2
BRDA:64,14,0,0
BRDA:73,15,0,1
BRDA:77,16,0,0
BRDA:82,17,0,1
BRDA:85,18,0,0
BRDA:88,19,0,0
BRF:20
BRH:15
end_of_record
